This is pdfTeX, Version 3.141592653-2.6-1.40.28 (TeX Live 2025) (preloaded format=pdflatex 2025.5.28)  29 MAY 2025 21:09
entering extended mode
 restricted \write18 enabled.
 file:line:error style messages enabled.
 %&-line parsing enabled.
**"c:/Users/Artur/Documents/UFU/TCC/TCC - Classificando perguntas sobre produtos do comércio eletrônico quanto à característica usando algoritmos de Inteligência Artificial/template.tex"
(c:/Users/Artur/Documents/UFU/TCC/TCC - Classificando perguntas sobre produtos do comércio eletrônico quanto à característica usando algoritmos de Inteligência Artificial/template.tex
LaTeX2e <2024-11-01> patch level 2
L3 programming layer <2025-04-29>
(./facom-ufu-abntex2.cls
Document Class: facom-ufu-abntex2 2013/11/30 v1.0 Modelo da Faculdade de Computacao da Universidade Federal de Uberlandia baseado em abnTeX2
(c:/texlive/2025/texmf-dist/tex/latex/abntex2/abntex2.cls
Document Class: abntex2 2018/11/24 v-1.9.7 abnTeX2
(c:/texlive/2025/texmf-dist/tex/latex/base/ifthen.sty
Package: ifthen 2024/03/16 v1.1e Standard LaTeX ifthen package (DPC)
) (c:/texlive/2025/texmf-dist/tex/latex/memoir/memoir.cls
Document Class: memoir 2025/03/10 v3.8.3b configurable book, report, article document class
(c:/texlive/2025/texmf-dist/tex/latex/xpatch/xpatch.sty (c:/texlive/2025/texmf-dist/tex/latex/l3kernel/expl3.sty
Package: expl3 2025-04-29 L3 programming layer (loader) 
 (c:/texlive/2025/texmf-dist/tex/latex/l3backend/l3backend-pdftex.def
File: l3backend-pdftex.def 2025-04-14 L3 backend support: PDF output (pdfTeX)
\l__color_backend_stack_int=\count272
))
Package: xpatch 2020/03/25 v0.3a Extending etoolbox patching commands
 (c:/texlive/2025/texmf-dist/tex/latex/l3packages/xparse/xparse.sty
Package: xparse 2024-08-16 L3 Experimental document command parser
) (c:/texlive/2025/texmf-dist/tex/latex/etoolbox/etoolbox.sty
Package: etoolbox 2025/02/11 v2.5l e-TeX tools for LaTeX (JAW)
\etb@tempcnta=\count273
))
\onelineskip=\skip49
\lxvchars=\skip50
\xlvchars=\skip51
\@memcnta=\count274
\c@@memmarkcntra=\count275
 (c:/texlive/2025/texmf-dist/tex/generic/iftex/iftex.sty
Package: iftex 2024/12/12 v1.0g TeX engine tests
)
\trimtop=\skip52
\trimedge=\skip53
 (c:/texlive/2025/texmf-dist/tex/latex/memoir/mem12.clo
File: mem12.clo 2022/07/29 v0.5 memoir class 12pt size option
)
\binding=\skip54
\spinemargin=\skip55
\foremargin=\skip56
\uppermargin=\skip57
\lowermargin=\skip58
\headdrop=\skip59
\normalrulethickness=\skip60
\mem@maxheadheight=\skip61
\mem@maxfootheight=\skip62
\headwidth=\skip63
\c@storedpagenumber=\count276
\memPD=\dimen146
\m@mabparskip=\skip64
\thanksmarkwidth=\skip65
\thanksmarksep=\skip66
\droptitle=\skip67
\c@book=\count277
\c@part=\count278
\c@chapter=\count279
\c@section=\count280
\c@subsection=\count281
\c@subsubsection=\count282
\c@paragraph=\count283
\c@subparagraph=\count284
\beforechapskip=\skip68
\midchapskip=\skip69
\afterchapskip=\skip70
\chapindent=\skip71
\bottomsectionskip=\skip72
\secindent=\skip73
\beforesecskip=\skip74
\aftersecskip=\skip75
\subsecindent=\skip76
\beforesubsecskip=\skip77
\aftersubsecskip=\skip78
\subsubsecindent=\skip79
\beforesubsubsecskip=\skip80
\aftersubsubsecskip=\skip81
\paraindent=\skip82
\beforeparaskip=\skip83
\afterparaskip=\skip84
\subparaindent=\skip85
\beforesubparaskip=\skip86
\aftersubparaskip=\skip87
\pfbreakskip=\skip88
\c@@ppsavesec=\count285
\c@@ppsaveapp=\count286
\ragrparindent=\dimen147
\everylistparindent=\dimen148
\parsepi=\skip89
\topsepi=\skip90
\itemsepi=\skip91
\parsepii=\skip92
\topsepii=\skip93
\topsepiii=\skip94
\itemsepii=\skip95
\itemsepiii=\skip96
\partopsepii=\skip97
\partopsepiii=\skip98
\m@msavetopsep=\skip99
\m@msavepartopsep=\skip100
\@enLab=\toks17
\abstitleskip=\skip101
\absleftindent=\skip102
\abs@leftindent=\dimen149
\absrightindent=\skip103
\absparindent=\skip104
\absparsep=\skip105
\c@vslineno=\count287
\c@poemline=\count288
\c@modulo@vs=\count289
\c@memfvsline=\count290
\vleftskip=\skip106
\vrightskip=\skip107
\stanzaskip=\skip108
\versewidth=\skip109
\vgap=\skip110
\vindent=\skip111
\vleftmargin=\dimen150
\c@verse=\count291
\c@chrsinstr=\count292
\beforepoemtitleskip=\skip112
\afterpoemtitleskip=\skip113
\c@poem=\count293
\beforePoemTitleskip=\skip114
\midPoemTitleskip=\skip115
\afterPoemTitleskip=\skip116
 (c:/texlive/2025/texmf-dist/tex/latex/tools/array.sty
Package: array 2024/10/17 v2.6g Tabular extension package (FMi)
\col@sep=\dimen151
\ar@mcellbox=\box53
\extrarowheight=\dimen152
\NC@list=\toks18
\extratabsurround=\skip117
\backup@length=\skip118
\ar@cellbox=\box54
) (c:/texlive/2025/texmf-dist/tex/latex/tools/dcolumn.sty
Package: dcolumn 2023/07/08 v1.06 decimal alignment package (DPC)
) (c:/texlive/2025/texmf-dist/tex/latex/tools/delarray.sty
Package: delarray 2014/10/28 v1.01 array delimiter package (DPC)
) (c:/texlive/2025/texmf-dist/tex/latex/tools/tabularx.sty
Package: tabularx 2023/12/11 v2.12a `tabularx' package (DPC)
\TX@col@width=\dimen153
\TX@old@table=\dimen154
\TX@old@col=\dimen155
\TX@target=\dimen156
\TX@delta=\dimen157
\TX@cols=\count294
\TX@ftn=\toks19
) (c:/texlive/2025/texmf-dist/tex/latex/booktabs/booktabs.sty
Package: booktabs 2020/01/12 v1.61803398 Publication quality tables
\heavyrulewidth=\dimen158
\lightrulewidth=\dimen159
\cmidrulewidth=\dimen160
\belowrulesep=\dimen161
\belowbottomsep=\dimen162
\aboverulesep=\dimen163
\abovetopsep=\dimen164
\cmidrulesep=\dimen165
\cmidrulekern=\dimen166
\defaultaddspace=\dimen167
\@cmidla=\count295
\@cmidlb=\count296
\@aboverulesep=\dimen168
\@belowrulesep=\dimen169
\@thisruleclass=\count297
\@lastruleclass=\count298
\@thisrulewidth=\dimen170
)
\ctableftskip=\skip119
\ctabrightskip=\skip120
\abovecolumnspenalty=\count299
\@linestogo=\count300
\@cellstogo=\count301
\@cellsincolumn=\count302
\crtok=\toks20
\@mincolumnwidth=\dimen171
\c@newflo@tctr=\count303
\mem@margin@floatbox=\box55
\@contcwidth=\skip121
\@contindw=\skip122
\abovecaptionskip=\skip123
\belowcaptionskip=\skip124
\subfloattopskip=\skip125
\subfloatcapskip=\skip126
\subfloatcaptopadj=\skip127
\subfloatbottomskip=\skip128
\subfloatlabelskip=\skip129
\subfloatcapmargin=\dimen172
\c@@contsubnum=\count304
\m@mscap@capbox=\box56
\m@mscap@fbox=\box57
\sidecapsep=\dimen173
\sidecapwidth=\dimen174
\m@m@tempdima=\dimen175
\m@mscapraise=\dimen176
\sidecapraise=\dimen177
\m@mscapmainwidth=\dimen178
\m@mscaplkern=\dimen179
\beforeepigraphskip=\skip130
\afterepigraphskip=\skip131
\epigraphwidth=\skip132
\epigraphrule=\skip133
LaTeX Info: Redefining \em on input line 7017.
LaTeX Info: Redefining \emph on input line 7025.
 (c:/texlive/2025/texmf-dist/tex/latex/hyperref/nameref.sty
Package: nameref 2023-11-26 v2.56 Cross-referencing by name of section
 (c:/texlive/2025/texmf-dist/tex/latex/refcount/refcount.sty
Package: refcount 2019/12/15 v3.6 Data extraction from label references (HO)
 (c:/texlive/2025/texmf-dist/tex/generic/ltxcmds/ltxcmds.sty
Package: ltxcmds 2023-12-04 v1.26 LaTeX kernel commands for general use (HO)
) (c:/texlive/2025/texmf-dist/tex/generic/infwarerr/infwarerr.sty
Package: infwarerr 2019/12/03 v1.5 Providing info/warning/error messages (HO)
)) (c:/texlive/2025/texmf-dist/tex/generic/gettitlestring/gettitlestring.sty
Package: gettitlestring 2019/12/15 v1.6 Cleanup title references (HO)
 (c:/texlive/2025/texmf-dist/tex/latex/kvoptions/kvoptions.sty
Package: kvoptions 2022-06-15 v3.15 Key value format for package options (HO)
 (c:/texlive/2025/texmf-dist/tex/latex/graphics/keyval.sty
Package: keyval 2022/05/29 v1.15 key=value parser (DPC)
\KV@toks@=\toks21
) (c:/texlive/2025/texmf-dist/tex/latex/kvsetkeys/kvsetkeys.sty
Package: kvsetkeys 2022-10-05 v1.19 Key value parser (HO)
)))
\c@section@level=\count305
)
\tocentryskip=\skip134
\tocbaseline=\skip135
\cftparskip=\skip136
\cftbeforebookskip=\skip137
\cftbookindent=\dimen180
\cftbooknumwidth=\dimen181
\cftbeforepartskip=\skip138
\cftpartindent=\skip139
\cftpartnumwidth=\skip140
\cftbeforechapterskip=\skip141
\cftchapterindent=\skip142
\cftchapternumwidth=\skip143
\cftbeforesectionskip=\skip144
\cftsectionindent=\skip145
\cftsectionnumwidth=\skip146
\cftbeforesubsectionskip=\skip147
\cftsubsectionindent=\skip148
\cftsubsectionnumwidth=\skip149
\cftbeforesubsubsectionskip=\skip150
\cftsubsubsectionindent=\skip151
\cftsubsubsectionnumwidth=\skip152
\cftbeforeparagraphskip=\skip153
\cftparagraphindent=\skip154
\cftparagraphnumwidth=\skip155
\cftbeforesubparagraphskip=\skip156
\cftsubparagraphindent=\skip157
\cftsubparagraphnumwidth=\skip158
\prechapterprecisshift=\dimen182
\c@maxsecnumdepth=\count306
\bibindent=\dimen183
\bibitemsep=\skip159
\indexcolsep=\skip160
\indexrule=\skip161
\indexmarkstyle=\toks22
\@indexbox=\insert252
LaTeX Info: Redefining \raggedbottom on input line 8108.
LaTeX Info: Redefining \flushbottom on input line 8112.
\glossarycolsep=\dimen184
\glossaryrule=\dimen185
\sideparvshift=\skip162
\sideins=\insert251
\sidebartopsep=\skip163
\sidebarhsep=\skip164
\sidebarvsep=\skip165
\sidebarwidth=\skip166
\footmarkwidth=\skip167
\footmarksep=\skip168
\footparindent=\skip169
\footinsdim=\skip170
\footinsv@r=\insert250
\@mpfootinsv@r=\insert249
\m@m@k=\count307
\m@m@h=\dimen186
\m@mipn@skip=\skip171
\sidefootins=\insert248
\sidefootadjust=\skip172
\sidefootheight=\skip173
\sidefoothsep=\skip174
\sidefootvsep=\skip175
\sidefootwidth=\skip176
\m@mdownsf=\skip177
\c@sidefootnote=\count308
\sidefootmarkwidth=\skip178
\sidefootmarksep=\skip179
\sidefootparindent=\skip180
\c@pagenote=\count309
\c@pagenoteshadow=\count310
\mem@pn@lastkern=\skip181
 (c:/texlive/2025/texmf-dist/tex/latex/tools/verbatim.sty
Package: verbatim 2024-01-22 v1.5x LaTeX2e package for verbatim enhancements
\every@verbatim=\toks23
\verbatim@line=\toks24
\verbatim@in@stream=\read2
)
\verbatimindent=\skip182
\verbatim@out=\write3
 (c:/texlive/2025/texmf-dist/tex/latex/base/shortvrb.sty
Package: shortvrb 2024/10/23 v3.0q Standard LaTeX documentation package V3 (FMi)
)
\bvboxsep=\skip183
\c@memfbvline=\count311
\c@bvlinectr=\count312
\bvnumlength=\skip184
\fb@frw=\dimen187
\fb@frh=\dimen188
\FrameRule=\dimen189
\FrameSep=\dimen190
\c@cp@cntr=\count313
\c@ism@mctr=\count314
\c@xsm@mctr=\count315
\c@csm@mctr=\count316
\c@ksm@mctr=\count317
\c@xksm@mctr=\count318
\c@cksm@mctr=\count319
\c@msm@mctr=\count320
\c@xmsm@mctr=\count321
\c@cmsm@mctr=\count322
\c@bsm@mctr=\count323
\c@workm@mctr=\count324
\c@sheetsequence=\count325
\c@lastsheet=\count326
\c@lastpage=\count327
 (c:/texlive/2025/texmf-dist/tex/latex/textcase/textcase.sty
Package: textcase 2025/02/16 v1.05 Text only upper/lower case changing (DPC)
Package textcase Info: Defining Legacy names on input line 20.
)
\c@figure=\count328
\c@lofdepth=\count329
\cftbeforefigureskip=\skip185
\cftfigureindent=\skip186
\cftfigurenumwidth=\skip187
\c@table=\count330
\c@lotdepth=\count331
\cftbeforetableskip=\skip188
\cfttableindent=\skip189
\cfttablenumwidth=\skip190
Package abstract [2008/07/23] emulated by memoir.
Package appendix [2008/07/23] emulated by memoir.
Package ccaption [2008/07/23] emulated by memoir.
Package changepage [2008/07/23] emulated by memoir.
Package chngcntr [2008/07/23] emulated by memoir.
Package chngpage [2008/07/23] emulated by memoir.
Package crop emulated by memoir.
Package enumerate [2008/07/23] emulated by memoir.
Package epigraph [2008/07/23] emulated by memoir.
Package ifmtarg [2008/07/23] emulated by memoir.
Package index [2008/07/23] emulated by memoir.
Package makeidx [2008/07/23] emulated by memoir.
Package moreverb [2008/07/23] emulated by memoir.
Package needspace [2008/07/23] emulated by memoir.
Package newfile [2008/07/23] emulated by memoir.
Package nextpage [2008/07/23] emulated by memoir.
Package pagenote [2008/07/23] emulated by memoir.
Package parskip [2008/07/23] emulated by memoir.
Package patchcmd [2008/07/23] emulated by memoir.
Package setspace [2008/07/23] emulated by memoir.
Package showidx [2008/07/23] emulated by memoir.
Package titleref [2008/07/23] emulated by memoir.
Package titling [2008/07/23] emulated by memoir.
Package tocbibind [2008/07/23] emulated by memoir.
Package tocloft [2008/07/23] emulated by memoir.
Package tocvsec2 [2008/07/23] emulated by memoir.
Package verse [2008/07/23] emulated by memoir.
) (c:/texlive/2025/texmf-dist/tex/latex/hyperref/hyperref.sty
Package: hyperref 2025-05-20 v7.01m Hypertext links for LaTeX
 (c:/texlive/2025/texmf-dist/tex/generic/kvdefinekeys/kvdefinekeys.sty
Package: kvdefinekeys 2019-12-19 v1.6 Define keys (HO)
) (c:/texlive/2025/texmf-dist/tex/generic/pdfescape/pdfescape.sty
Package: pdfescape 2019/12/09 v1.15 Implements pdfTeX's escape features (HO)
 (c:/texlive/2025/texmf-dist/tex/generic/pdftexcmds/pdftexcmds.sty
Package: pdftexcmds 2020-06-27 v0.33 Utility functions of pdfTeX for LuaTeX (HO)
Package pdftexcmds Info: \pdf@primitive is available.
Package pdftexcmds Info: \pdf@ifprimitive is available.
Package pdftexcmds Info: \pdfdraftmode found.
)) (c:/texlive/2025/texmf-dist/tex/latex/hycolor/hycolor.sty
Package: hycolor 2020-01-27 v1.10 Color options for hyperref/bookmark (HO)
) (c:/texlive/2025/texmf-dist/tex/generic/stringenc/stringenc.sty
Package: stringenc 2019/11/29 v1.12 Convert strings between diff. encodings (HO)
)
\@linkdim=\dimen191
\Hy@linkcounter=\count332
\Hy@pagecounter=\count333
 (c:/texlive/2025/texmf-dist/tex/latex/hyperref/pd1enc.def
File: pd1enc.def 2025-05-20 v7.01m Hyperref: PDFDocEncoding definition (HO)
Now handling font encoding PD1 ...
... no UTF-8 mapping file for font encoding PD1
) (c:/texlive/2025/texmf-dist/tex/generic/intcalc/intcalc.sty
Package: intcalc 2019/12/15 v1.3 Expandable calculations with integers (HO)
)
\Hy@SavedSpaceFactor=\count334
 (c:/texlive/2025/texmf-dist/tex/latex/hyperref/puenc.def
File: puenc.def 2025-05-20 v7.01m Hyperref: PDF Unicode definition (HO)
Now handling font encoding PU ...
... no UTF-8 mapping file for font encoding PU
)
Package hyperref Info: Hyper figures OFF on input line 4157.
Package hyperref Info: Link nesting OFF on input line 4162.
Package hyperref Info: Hyper index ON on input line 4165.
Package hyperref Info: Plain pages OFF on input line 4172.
Package hyperref Info: Backreferencing OFF on input line 4177.
Package hyperref Info: Implicit mode ON; LaTeX internals redefined.
Package hyperref Info: Bookmarks ON on input line 4424.
\c@Hy@tempcnt=\count335
 (c:/texlive/2025/texmf-dist/tex/latex/url/url.sty
\Urlmuskip=\muskip17
Package: url 2013/09/16  ver 3.4  Verb mode for urls, etc.
)
LaTeX Info: Redefining \url on input line 4763.
\XeTeXLinkMargin=\dimen192
 (c:/texlive/2025/texmf-dist/tex/generic/bitset/bitset.sty
Package: bitset 2019/12/09 v1.3 Handle bit-vector datatype (HO)
 (c:/texlive/2025/texmf-dist/tex/generic/bigintcalc/bigintcalc.sty
Package: bigintcalc 2019/12/15 v1.5 Expandable calculations on big integers (HO)
))
\Fld@menulength=\count336
\Field@Width=\dimen193
\Fld@charsize=\dimen194
Package hyperref Info: Hyper figures OFF on input line 6042.
Package hyperref Info: Link nesting OFF on input line 6047.
Package hyperref Info: Hyper index ON on input line 6050.
Package hyperref Info: backreferencing OFF on input line 6057.
Package hyperref Info: Link coloring OFF on input line 6062.
Package hyperref Info: Link coloring with OCG OFF on input line 6067.
Package hyperref Info: PDF/A mode OFF on input line 6072.
 (c:/texlive/2025/texmf-dist/tex/latex/base/atbegshi-ltx.sty
Package: atbegshi-ltx 2021/01/10 v1.0c Emulation of the original atbegshi
package with kernel methods
)
\Hy@abspage=\count337
\c@Item=\count338
\c@Hfootnote=\count339
)
Package hyperref Info: Driver (autodetected): hpdftex.
 (c:/texlive/2025/texmf-dist/tex/latex/hyperref/hpdftex.def
File: hpdftex.def 2025-05-20 v7.01m Hyperref driver for pdfTeX
\Fld@listcount=\count340
\c@bookmark@seq@number=\count341
 (c:/texlive/2025/texmf-dist/tex/latex/rerunfilecheck/rerunfilecheck.sty
Package: rerunfilecheck 2022-07-10 v1.10 Rerun checks for auxiliary files (HO)
 (c:/texlive/2025/texmf-dist/tex/latex/base/atveryend-ltx.sty
Package: atveryend-ltx 2020/08/19 v1.0a Emulation of the original atveryend package
with kernel methods
) (c:/texlive/2025/texmf-dist/tex/generic/uniquecounter/uniquecounter.sty
Package: uniquecounter 2019/12/15 v1.4 Provide unlimited unique counter (HO)
)
Package uniquecounter Info: New unique counter `rerunfilecheck' on input line 285.
)
\Hy@SectionHShift=\skip191
) (c:/texlive/2025/texmf-dist/tex/latex/memoir/memhfixc.sty
Package: memhfixc 2025/03/06 v1.23 hyperref package fixes for memoir class
\c@memhycontfloat=\count342
\c@mem@Hpagenote=\count343
) (c:/texlive/2025/texmf-dist/tex/latex/bookmark/bookmark.sty
Package: bookmark 2023-12-10 v1.31 PDF bookmarks (HO)
 (c:/texlive/2025/texmf-dist/tex/latex/bookmark/bkm-pdftex.def
File: bkm-pdftex.def 2023-12-10 v1.31 bookmark driver for pdfTeX and luaTeX (HO)
\BKM@id=\count344
)) (c:/texlive/2025/texmf-dist/tex/generic/babel/babel.sty
Package: babel 2025/05/14 v25.9 The multilingual framework for pdfLaTeX, LuaLaTeX and XeLaTeX
\babel@savecnt=\count345
\U@D=\dimen195
\l@unhyphenated=\language90
 (c:/texlive/2025/texmf-dist/tex/generic/babel/txtbabel.def)
\bbl@readstream=\read3
\bbl@dirlevel=\count346
 (c:/texlive/2025/texmf-dist/tex/generic/babel-portuges/brazil.ldf
Language: portuges 2021/07/09 v1.2t Portuguese support from the babel system
Package babel Info: Hyphen rules for 'brazil' set to \l@portuguese
(babel)             (\language72). Reported on input line 111.
Package babel Info: Making " an active character on input line 143.
)) (c:/texlive/2025/texmf-dist/tex/latex/enumitem/enumitem.sty
Package: enumitem 2025/02/06 v3.11 Customized lists
\labelindent=\skip192
\enit@outerparindent=\dimen196
\enit@toks=\toks25
\enit@inbox=\box58
\enit@count@id=\count347
\enitdp@description=\count348
) (c:/texlive/2025/texmf-dist/tex/latex/tools/calc.sty
Package: calc 2023/07/08 v4.3 Infix arithmetic (KKT,FJ)
\calc@Acount=\count349
\calc@Bcount=\count350
\calc@Adimen=\dimen197
\calc@Bdimen=\dimen198
\calc@Askip=\skip193
\calc@Bskip=\skip194
LaTeX Info: Redefining \setlength on input line 80.
LaTeX Info: Redefining \addtolength on input line 81.
\calc@Ccount=\count351
\calc@Cskip=\skip195
)

******************************************************
Stock height and width: 845.04684pt by 597.50787pt
Top and edge trims: 0pt and 0pt
Page height and width: 845.04684pt by 597.50787pt
Text height and width: 708pt by 455pt
Spine and edge margins: 85.35826pt and 56.9055pt
Upper and lower margins: 85.35826pt and 51.68858pt
Headheight and headsep: 14.5pt and 19.8738pt
Footskip: 30pt
Columnsep and columnseprule: 10pt and 0pt
Marginparsep and marginparwidth: 7pt and 42.9055pt
Sidecapsep and sidecapwidth: 7pt and 42pt
Sidebarhsep and sidebarwidth: 7pt and 42pt
Sidebarvsep and sidebartopsep: 14.5pt and 0pt
Sidebarheight: 590.14995pt
Sidefoothsep and sidefootwidth: 7pt and 42pt
Sidefootvsep and sidefootheight: 14.5pt and 590.14995pt
******************************************************

\c@abntex@bookmarkcounter=\count352
\cftlastnumwidth=\skip196
\chapternamenumlength=\skip197
\ABNTEXcitacaorecuo=\skip198
\c@alineasi=\count353
\c@alineasii=\count354
\enitdp@alineas=\count355
\c@subalineasi=\count356
\enitdp@subalineas=\count357
\c@incisosi=\count358
\enitdp@incisos=\count359
\ABNTEXsignwidth=\skip199
\ABNTEXsignthickness=\skip256
\ABNTEXsignskip=\skip257
) (c:/texlive/2025/texmf-dist/tex/latex/cmap/cmap.sty
Package: cmap 2021/02/06 v1.0j CMap support: searchable PDF
) (c:/texlive/2025/texmf-dist/tex/latex/lm/lmodern.sty
Package: lmodern 2015/05/01 v1.6.1 Latin Modern Fonts
LaTeX Font Info:    Overwriting symbol font `operators' in version `normal'
(Font)                  OT1/cmr/m/n --> OT1/lmr/m/n on input line 22.
LaTeX Font Info:    Overwriting symbol font `letters' in version `normal'
(Font)                  OML/cmm/m/it --> OML/lmm/m/it on input line 23.
LaTeX Font Info:    Overwriting symbol font `symbols' in version `normal'
(Font)                  OMS/cmsy/m/n --> OMS/lmsy/m/n on input line 24.
LaTeX Font Info:    Overwriting symbol font `largesymbols' in version `normal'
(Font)                  OMX/cmex/m/n --> OMX/lmex/m/n on input line 25.
LaTeX Font Info:    Overwriting symbol font `operators' in version `bold'
(Font)                  OT1/cmr/bx/n --> OT1/lmr/bx/n on input line 26.
LaTeX Font Info:    Overwriting symbol font `letters' in version `bold'
(Font)                  OML/cmm/b/it --> OML/lmm/b/it on input line 27.
LaTeX Font Info:    Overwriting symbol font `symbols' in version `bold'
(Font)                  OMS/cmsy/b/n --> OMS/lmsy/b/n on input line 28.
LaTeX Font Info:    Overwriting symbol font `largesymbols' in version `bold'
(Font)                  OMX/cmex/m/n --> OMX/lmex/m/n on input line 29.
LaTeX Font Info:    Overwriting math alphabet `\mathbf' in version `normal'
(Font)                  OT1/cmr/bx/n --> OT1/lmr/bx/n on input line 31.
LaTeX Font Info:    Overwriting math alphabet `\mathsf' in version `normal'
(Font)                  OT1/cmss/m/n --> OT1/lmss/m/n on input line 32.
LaTeX Font Info:    Overwriting math alphabet `\mathit' in version `normal'
(Font)                  OT1/cmr/m/it --> OT1/lmr/m/it on input line 33.
LaTeX Font Info:    Overwriting math alphabet `\mathtt' in version `normal'
(Font)                  OT1/cmtt/m/n --> OT1/lmtt/m/n on input line 34.
LaTeX Font Info:    Overwriting math alphabet `\mathbf' in version `bold'
(Font)                  OT1/cmr/bx/n --> OT1/lmr/bx/n on input line 35.
LaTeX Font Info:    Overwriting math alphabet `\mathsf' in version `bold'
(Font)                  OT1/cmss/bx/n --> OT1/lmss/bx/n on input line 36.
LaTeX Font Info:    Overwriting math alphabet `\mathit' in version `bold'
(Font)                  OT1/cmr/bx/it --> OT1/lmr/bx/it on input line 37.
LaTeX Font Info:    Overwriting math alphabet `\mathtt' in version `bold'
(Font)                  OT1/cmtt/m/n --> OT1/lmtt/m/n on input line 38.
) (c:/texlive/2025/texmf-dist/tex/latex/base/fontenc.sty
Package: fontenc 2021/04/29 v2.0v Standard LaTeX package
LaTeX Font Info:    Trying to load font information for T1+lmr on input line 116.
 (c:/texlive/2025/texmf-dist/tex/latex/lm/t1lmr.fd
File: t1lmr.fd 2015/05/01 v1.6.1 Font defs for Latin Modern
)<<t1.cmap>>) (c:/texlive/2025/texmf-dist/tex/latex/base/inputenc.sty
Package: inputenc 2024/02/08 v1.3d Input encoding file
\inpenc@prehook=\toks26
\inpenc@posthook=\toks27
) (c:/texlive/2025/texmf-dist/tex/latex/lastpage/lastpage.sty
Package: lastpage 2025/01/27 v2.1e lastpage: 2.09 or 2e? (HMM)
 (c:/texlive/2025/texmf-dist/tex/latex/lastpage/lastpage2e.sty
Package: lastpage2e 2025/01/27 v2.1e Decide which 2e lastpage version to use (HMM)
 (c:/texlive/2025/texmf-dist/tex/latex/lastpage/lastpagemodern.sty
Package: lastpagemodern 2025-01-27 v2.1e Refers to last page's name (HMM; JPG)
\c@lastpagecount=\count360
) 
)) (c:/texlive/2025/texmf-dist/tex/latex/tools/indentfirst.sty
Package: indentfirst 2023/07/02 v1.03 Indent first paragraph (DPC)
) (c:/texlive/2025/texmf-dist/tex/latex/graphics/color.sty
Package: color 2024/06/23 v1.3e Standard LaTeX Color (DPC)
 (c:/texlive/2025/texmf-dist/tex/latex/graphics-cfg/color.cfg
File: color.cfg 2016/01/02 v1.6 sample color configuration
)
Package color Info: Driver file: pdftex.def on input line 149.
 (c:/texlive/2025/texmf-dist/tex/latex/graphics-def/pdftex.def
File: pdftex.def 2024/04/13 v1.2c Graphics/color driver for pdftex
) (c:/texlive/2025/texmf-dist/tex/latex/graphics/mathcolor.ltx)) (c:/texlive/2025/texmf-dist/tex/latex/graphics/graphicx.sty
Package: graphicx 2021/09/16 v1.2d Enhanced LaTeX Graphics (DPC,SPQR)
 (c:/texlive/2025/texmf-dist/tex/latex/graphics/graphics.sty
Package: graphics 2024/08/06 v1.4g Standard LaTeX Graphics (DPC,SPQR)
 (c:/texlive/2025/texmf-dist/tex/latex/graphics/trig.sty
Package: trig 2023/12/02 v1.11 sin cos tan (DPC)
) (c:/texlive/2025/texmf-dist/tex/latex/graphics-cfg/graphics.cfg
File: graphics.cfg 2016/06/04 v1.11 sample graphics configuration
)
Package graphics Info: Driver file: pdftex.def on input line 106.
)
\Gin@req@height=\dimen199
\Gin@req@width=\dimen256
) (c:/texlive/2025/texmf-dist/tex/latex/graphics/epsfig.sty
Package: epsfig 2024/01/14 v1.7b (e)psfig emulation (SPQR)
\epsfxsize=\dimen257
\epsfysize=\dimen258
) (c:/texlive/2025/texmf-dist/tex/latex/psfrag/psfrag.sty
Package: psfrag 1998/04/11 v3.04 PSfrag (MCG)
\pfg@pcount=\count361
\pfg@scount=\count362
\pfg@temp=\write4
) (c:/texlive/2025/texmf-dist/tex/latex/lipsum/lipsum.sty (c:/texlive/2025/texmf-dist/tex/latex/l3packages/l3keys2e/l3keys2e.sty
Package: l3keys2e 2024-08-16 LaTeX2e option processing using LaTeX3 keys
)
Package: lipsum 2021-09-20 v2.7 150 paragraphs of Lorem Ipsum dummy text
\g__lipsum_par_int=\count363
\l__lipsum_a_int=\count364
\l__lipsum_b_int=\count365
 (c:/texlive/2025/texmf-dist/tex/latex/lipsum/lipsum.ltd.tex)) (c:/texlive/2025/texmf-dist/tex/latex/caption/subcaption.sty
Package: subcaption 2023/07/28 v1.6b Sub-captions (AR)
 (c:/texlive/2025/texmf-dist/tex/latex/caption/caption.sty
Package: caption 2023/08/05 v3.6o Customizing captions (AR)
 (c:/texlive/2025/texmf-dist/tex/latex/caption/caption3.sty
Package: caption3 2023/07/31 v2.4d caption3 kernel (AR)
\caption@tempdima=\dimen259
\captionmargin=\dimen260
\caption@leftmargin=\dimen261
\caption@rightmargin=\dimen262
\caption@width=\dimen263
\caption@indent=\dimen264
\caption@parindent=\dimen265
\caption@hangindent=\dimen266
Package caption Info: memoir document class detected.
 (c:/texlive/2025/texmf-dist/tex/latex/caption/caption-memoir.sto
File: caption-memoir.sto 2023/09/08 v2.2c Adaption of the caption package to the memoir document class (AR)
))
\c@caption@flags=\count366
\c@continuedfloat=\count367
Package caption Info: changepage package is loaded.
\caption@adjustwidth@hsize=\dimen267
\caption@adjustwidth@linewidth=\dimen268
Package caption Info: hyperref package is loaded.
)
Package caption Info: New subtype `subfigure' on input line 238.
\c@subfigure=\count368
Package caption Info: New subtype `subtable' on input line 238.
\c@subtable=\count369
) (c:/texlive/2025/texmf-dist/tex/latex/listings/listings.sty
\lst@mode=\count370
\lst@gtempboxa=\box59
\lst@token=\toks28
\lst@length=\count371
\lst@currlwidth=\dimen269
\lst@column=\count372
\lst@pos=\count373
\lst@lostspace=\dimen270
\lst@width=\dimen271
\lst@newlines=\count374
\lst@lineno=\count375
\lst@maxwidth=\dimen272
 (c:/texlive/2025/texmf-dist/tex/latex/listings/lstpatch.sty
File: lstpatch.sty 2024/09/23 1.10c (Carsten Heinz)
) (c:/texlive/2025/texmf-dist/tex/latex/listings/lstmisc.sty
File: lstmisc.sty 2024/09/23 1.10c (Carsten Heinz)
\c@lstnumber=\count376
\lst@skipnumbers=\count377
\lst@framebox=\box60
) (c:/texlive/2025/texmf-dist/tex/latex/listings/listings.cfg
File: listings.cfg 2024/09/23 1.10c listings configuration
))
Package: listings 2024/09/23 1.10c (Carsten Heinz)
 (c:/texlive/2025/texmf-dist/tex/latex/xcolor/xcolor.sty
Package: xcolor 2024/09/29 v3.02 LaTeX color extensions (UK)
 (c:/texlive/2025/texmf-dist/tex/latex/graphics-cfg/color.cfg
File: color.cfg 2016/01/02 v1.6 sample color configuration
)
Package xcolor Info: Driver file: pdftex.def on input line 274.
LaTeX Info: Redefining \color on input line 762.
 (c:/texlive/2025/texmf-dist/tex/latex/graphics/mathcolor.ltx)
Package xcolor Info: Model `cmy' substituted by `cmy0' on input line 1349.
Package xcolor Info: Model `hsb' substituted by `rgb' on input line 1353.
Package xcolor Info: Model `RGB' extended on input line 1365.
Package xcolor Info: Model `HTML' substituted by `rgb' on input line 1367.
Package xcolor Info: Model `Hsb' substituted by `hsb' on input line 1368.
Package xcolor Info: Model `tHsb' substituted by `hsb' on input line 1369.
Package xcolor Info: Model `HSB' substituted by `hsb' on input line 1370.
Package xcolor Info: Model `Gray' substituted by `gray' on input line 1371.
Package xcolor Info: Model `wave' substituted by `hsb' on input line 1372.
) (c:/texlive/2025/texmf-dist/tex/latex/amsmath/amsmath.sty
Package: amsmath 2024/11/05 v2.17t AMS math features
\@mathmargin=\skip258

For additional information on amsmath, use the `?' option.
(c:/texlive/2025/texmf-dist/tex/latex/amsmath/amstext.sty
Package: amstext 2021/08/26 v2.01 AMS text
 (c:/texlive/2025/texmf-dist/tex/latex/amsmath/amsgen.sty
File: amsgen.sty 1999/11/30 v2.0 generic functions
\@emptytoks=\toks29
\ex@=\dimen273
)) (c:/texlive/2025/texmf-dist/tex/latex/amsmath/amsbsy.sty
Package: amsbsy 1999/11/29 v1.2d Bold Symbols
\pmbraise@=\dimen274
) (c:/texlive/2025/texmf-dist/tex/latex/amsmath/amsopn.sty
Package: amsopn 2022/04/08 v2.04 operator names
)
\inf@bad=\count378
LaTeX Info: Redefining \frac on input line 233.
\uproot@=\count379
\leftroot@=\count380
LaTeX Info: Redefining \overline on input line 398.
LaTeX Info: Redefining \colon on input line 409.
\classnum@=\count381
\DOTSCASE@=\count382
LaTeX Info: Redefining \ldots on input line 495.
LaTeX Info: Redefining \dots on input line 498.
LaTeX Info: Redefining \cdots on input line 619.
\Mathstrutbox@=\box61
\strutbox@=\box62
LaTeX Info: Redefining \big on input line 721.
LaTeX Info: Redefining \Big on input line 722.
LaTeX Info: Redefining \bigg on input line 723.
LaTeX Info: Redefining \Bigg on input line 724.
\big@size=\dimen275
LaTeX Font Info:    Redeclaring font encoding OML on input line 742.
LaTeX Font Info:    Redeclaring font encoding OMS on input line 743.
\macc@depth=\count383
LaTeX Info: Redefining \bmod on input line 904.
LaTeX Info: Redefining \pmod on input line 909.
LaTeX Info: Redefining \smash on input line 939.
LaTeX Info: Redefining \relbar on input line 969.
LaTeX Info: Redefining \Relbar on input line 970.
\c@MaxMatrixCols=\count384
\dotsspace@=\muskip18
\c@parentequation=\count385
\dspbrk@lvl=\count386
\tag@help=\toks30
\row@=\count387
\column@=\count388
\maxfields@=\count389
\andhelp@=\toks31
\eqnshift@=\dimen276
\alignsep@=\dimen277
\tagshift@=\dimen278
\tagwidth@=\dimen279
\totwidth@=\dimen280
\lineht@=\dimen281
\@envbody=\toks32
\multlinegap=\skip259
\multlinetaggap=\skip260
\mathdisplay@stack=\toks33
LaTeX Info: Redefining \[ on input line 2953.
LaTeX Info: Redefining \] on input line 2954.
) (c:/texlive/2025/texmf-dist/tex/latex/hyperref/backref.sty
Package: backref 2023-11-26 v1.44 Bibliographical back referencing
) (c:/texlive/2025/texmf-dist/tex/latex/abntex2/abntex2cite.sty
Package: abntex2cite 2018/11/24 v-1.9.7 abnTeX2
 (c:/texlive/2025/texmf-dist/tex/latex/abntex2/abntex2abrev.sty)
\minimumbiblabelwidth=\skip261
\ABCIauxlen=\skip262
\c@ABCIaux=\count390
\c@ABCImax=\count391
 (c:/texlive/2025/texmf-dist/tex/generic/iftex/ifpdf.sty
Package: ifpdf 2019/10/25 v3.4 ifpdf legacy package. Use iftex instead.
) (c:/texlive/2025/texmf-dist/tex/generic/iftex/ifxetex.sty
Package: ifxetex 2019/10/25 v0.7 ifxetex legacy package. Use iftex instead.
) (c:/texlive/2025/texmf-dist/tex/latex/relsize/relsize.sty
Package: relsize 2013/03/29 ver 4.1
)
\biblabelsep=\skip263
LaTeX Info: Redefining \newblock on input line 591.
LaTeX Info: Redefining \cite on input line 618.
\ABCItoken=\toks34
)
Package hyperref Info: Option `colorlinks' set `true' on input line 195.
)
\template@idxfile=\write5
\openout5 = `template.idx'.


Writing index file template.idx 
(c:/texlive/2025/texmf-dist/tex/latex/minted/minted.sty
Package: minted 2025/05/14 v3.7.0 Yet another Pygments shim for LaTeX
 (c:/texlive/2025/texmf-dist/tex/generic/catchfile/catchfile.sty
Package: catchfile 2019/12/09 v1.8 Catch the contents of a file (HO)
 (c:/texlive/2025/texmf-dist/tex/generic/etexcmds/etexcmds.sty
Package: etexcmds 2019/12/15 v1.7 Avoid name clashes with e-TeX commands (HO)
)) (c:/texlive/2025/texmf-dist/tex/latex/fvextra/fvextra.sty
Package: fvextra 2025/05/25 v1.13.1 fvextra - extensions and patches for fancyvrb
 (c:/texlive/2025/texmf-dist/tex/latex/fancyvrb/fancyvrb.sty
Package: fancyvrb 2024/01/20 4.5c verbatim text (tvz,hv)
\FV@CodeLineNo=\count392
\FV@InFile=\read4
\FV@TabBox=\box63
\c@FancyVerbLine=\count393
\FV@StepNumber=\count394
\FV@OutFile=\write6
) (c:/texlive/2025/texmf-dist/tex/latex/upquote/upquote.sty
Package: upquote 2012/04/19 v1.3 upright-quote and grave-accent glyphs in verbatim
 (c:/texlive/2025/texmf-dist/tex/latex/base/textcomp.sty
Package: textcomp 2024/04/24 v2.1b Standard LaTeX package
)) (c:/texlive/2025/texmf-dist/tex/latex/lineno/lineno.sty
Package: lineno 2025/05/13 line numbers on paragraphs v5.5
\linenopenalty=\count395
\output=\toks35
\linenoprevgraf=\count396
\linenumbersep=\dimen282
\linenumberwidth=\dimen283
\c@linenumber=\count397
\c@pagewiselinenumber=\count398
\c@LN@truepage=\count399
\c@internallinenumber=\count400
\c@internallinenumbers=\count401
\quotelinenumbersep=\dimen284
\bframerule=\dimen285
\bframesep=\dimen286
\bframebox=\box64
\@LN@amsmath@ams@eqpen=\count402
)
\c@FancyVerbWriteLine=\count403
\c@FancyVerbBufferLine=\count404
\c@FV@TrueTabGroupLevel=\count405
\c@FV@TrueTabCounter=\count406
\FV@TabBox@Group=\box65
\FV@bgcolorstructbox=\box66
\FV@TmpLength=\skip264
\c@FV@HighlightLinesStart=\count407
\c@FV@HighlightLinesStop=\count408
\FV@LoopCount=\count409
\FV@NCharsBox=\box67
\FV@BreakIndent=\dimen287
\FV@BreakIndentNChars=\count410
\FV@BreakSymbolSepLeft=\dimen288
\FV@BreakSymbolSepLeftNChars=\count411
\FV@BreakSymbolSepRight=\dimen289
\FV@BreakSymbolSepRightNChars=\count412
\FV@BreakSymbolIndentLeft=\dimen290
\FV@BreakSymbolIndentLeftNChars=\count413
\FV@BreakSymbolIndentRight=\dimen291
\FV@BreakSymbolIndentRightNChars=\count414
\c@FancyVerbLineBreakLast=\count415
\FV@LineBox=\box68
\FV@LineIndentBox=\box69
\c@FV@BreakBufferDepth=\count416
\FV@LineWidth=\dimen292
) (c:/texlive/2025/texmf-dist/tex/latex/latex2pydata/latex2pydata.sty
Package: latex2pydata 2025/03/26 v0.6.0 latex2pydata - write data to file in Python literal format
) (c:/texlive/2025/texmf-dist/tex/latex/pgf/utilities/pgfkeys.sty (c:/texlive/2025/texmf-dist/tex/generic/pgf/utilities/pgfkeys.code.tex
\pgfkeys@pathtoks=\toks36
\pgfkeys@temptoks=\toks37
 (c:/texlive/2025/texmf-dist/tex/generic/pgf/utilities/pgfkeyslibraryfiltered.code.tex
\pgfkeys@tmptoks=\toks38
))) (c:/texlive/2025/texmf-dist/tex/latex/pgfopts/pgfopts.sty
Package: pgfopts 2014/07/10 v2.1a LaTeX package options with pgfkeys
\pgfopts@list@add@a@toks=\toks39
\pgfopts@list@add@b@toks=\toks40
) (c:/texlive/2025/texmf-dist/tex/latex/tools/shellesc.sty
Package: shellesc 2023/07/08 v1.0d unified shell escape interface for LaTeX
Package shellesc Info: Restricted shell escape enabled on input line 77.
) (c:/texlive/2025/texmf-dist/tex/latex/float/float.sty
Package: float 2001/11/08 v1.3d Float enhancements (AL)
\c@float@type=\count417
\float@exts=\toks41
\float@box=\box70
\@float@everytoks=\toks42
\@floatcapt=\box71
)
\c@minted@FancyVerbLineTemp=\count418
\@float@every@listing=\toks43
\c@listing=\count419
) (c:/texlive/2025/texmf-dist/tex/latex/listingsutf8/listingsutf8.sty
Package: listingsutf8 2019-12-10 v1.5 Allow UTF-8 in listings input (HO)
) (c:/texlive/2025/texmf-dist/tex/latex/tools/afterpage.sty
Package: afterpage 2023/07/04 v1.08 After-Page Package (DPC)
\AP@output=\toks44
\AP@partial=\box72
\AP@footins=\box73
) (c:/texlive/2025/texmf-dist/tex/latex/algorithm2e/algorithm2e.sty
Package: algorithm2e 2017/07/18 v5.2 algorithms environments
\c@AlgoLine=\count420
\algocf@hangindent=\skip265
 (c:/texlive/2025/texmf-dist/tex/latex/ifoddpage/ifoddpage.sty
Package: ifoddpage 2022/10/18 v1.2 Conditionals for odd/even page detection
\c@checkoddpage=\count421
LaTeX Info: Redefining \checkoddpage on input line 45.
) (c:/texlive/2025/texmf-dist/tex/latex/tools/xspace.sty
Package: xspace 2014/10/28 v1.13 Space after command names (DPC,MH)
)
\skiptotal=\skip266
\skiplinenumber=\skip267
\skiprule=\skip268
\skiphlne=\skip269
\skiptext=\skip270
\skiplength=\skip271
\algomargin=\skip272
\skipalgocfslide=\skip273
\algowidth=\dimen293
\inoutsize=\dimen294
\inoutindent=\dimen295
\interspacetitleruled=\dimen296
\interspacealgoruled=\dimen297
\interspacetitleboxruled=\dimen298
\algocf@ruledwidth=\skip274
\algocf@inoutbox=\box74
\algocf@inputbox=\box75
\AlCapSkip=\skip275
\AlCapHSkip=\skip276
\algoskipindent=\skip277
\algocf@nlbox=\box76
\algocf@hangingbox=\box77
\algocf@untilbox=\box78
\algocf@skipuntil=\skip278
\algocf@capbox=\box79
\algocf@lcaptionbox=\skip279
\algoheightruledefault=\skip280
\algoheightrule=\skip281
\algotitleheightruledefault=\skip282
\algotitleheightrule=\skip283
\c@algocfline=\count422
\c@algocfproc=\count423
\c@algocf=\count424
\algocf@algoframe=\box80
\algocf@algobox=\box81
) (c:/texlive/2025/texmf-dist/tex/latex/xurl/xurl.sty
Package: xurl 2022/01/09 v 0.10 modify URL breaks
)
No file template.aux.
\openout1 = `template.aux'.

LaTeX Font Info:    Checking defaults for OML/cmm/m/it on input line 117.
LaTeX Font Info:    ... okay on input line 117.
LaTeX Font Info:    Checking defaults for OMS/cmsy/m/n on input line 117.
LaTeX Font Info:    ... okay on input line 117.
LaTeX Font Info:    Checking defaults for OT1/cmr/m/n on input line 117.
LaTeX Font Info:    ... okay on input line 117.
LaTeX Font Info:    Checking defaults for T1/cmr/m/n on input line 117.
LaTeX Font Info:    ... okay on input line 117.
LaTeX Font Info:    Checking defaults for TS1/cmr/m/n on input line 117.
LaTeX Font Info:    ... okay on input line 117.
LaTeX Font Info:    Checking defaults for OMX/cmex/m/n on input line 117.
LaTeX Font Info:    ... okay on input line 117.
LaTeX Font Info:    Checking defaults for U/cmr/m/n on input line 117.
LaTeX Font Info:    ... okay on input line 117.
LaTeX Font Info:    Checking defaults for PD1/pdf/m/n on input line 117.
LaTeX Font Info:    ... okay on input line 117.
LaTeX Font Info:    Checking defaults for PU/pdf/m/n on input line 117.
LaTeX Font Info:    ... okay on input line 117.
Package hyperref Info: Link coloring ON on input line 117.
Package babel Info: 'brazil' activates 'portuges' shorthands.
(babel)             Reported  on input line 117.
\myptabbox=\box82
\myptabboxwidth=\skip284
(c:/texlive/2025/texmf-dist/tex/context/base/mkii/supp-pdf.mkii
[Loading MPS to PDF converter (version 2006.09.02).]
\scratchcounter=\count425
\scratchdimen=\dimen299
\scratchbox=\box83
\nofMPsegments=\count426
\nofMParguments=\count427
\everyMPshowfont=\toks45
\MPscratchCnt=\count428
\MPscratchDim=\dimen300
\MPnumerator=\count429
\makeMPintoPDFobject=\count430
\everyMPtoPDFconversion=\toks46
) (c:/texlive/2025/texmf-dist/tex/latex/epstopdf-pkg/epstopdf-base.sty
Package: epstopdf-base 2020-01-24 v2.11 Base part for package epstopdf
Package epstopdf-base Info: Redefining graphics rule for `.eps' on input line 485.
 (c:/texlive/2025/texmf-dist/tex/latex/latexconfig/epstopdf-sys.cfg
File: epstopdf-sys.cfg 2010/07/13 v1.3 Configuration of (r)epstopdf for TeX Live
))
Package caption Info: Begin \AtBeginDocument code.
Package caption Info: float package is loaded.
Package caption Info: listings package is loaded.
Package caption Info: End \AtBeginDocument code.
\c@lstlisting=\count431
LaTeX Font Info:    Trying to load font information for T1+lmss on input line 124.
 (c:/texlive/2025/texmf-dist/tex/latex/lm/t1lmss.fd
File: t1lmss.fd 2015/05/01 v1.6.1 Font defs for Latin Modern
)

[1
Non-PDF special ignored!
<special> header=psfrag.pro

{c:/texlive/2025/texmf-var/fonts/map/pdftex/updmap/pdftex.map}{c:/texlive/2025/texmf-dist/fonts/enc/dvips/lm/lm-ec.enc}]
LaTeX Font Info:    Trying to load font information for OT1+lmr on input line 126.
 (c:/texlive/2025/texmf-dist/tex/latex/lm/ot1lmr.fd
File: ot1lmr.fd 2015/05/01 v1.6.1 Font defs for Latin Modern
)<<ot1.cmap>>
LaTeX Font Info:    Trying to load font information for OML+lmm on input line 126.
 (c:/texlive/2025/texmf-dist/tex/latex/lm/omllmm.fd
File: omllmm.fd 2015/05/01 v1.6.1 Font defs for Latin Modern
)<<oml.cmap>>
LaTeX Font Info:    Trying to load font information for OMS+lmsy on input line 126.
 (c:/texlive/2025/texmf-dist/tex/latex/lm/omslmsy.fd
File: omslmsy.fd 2015/05/01 v1.6.1 Font defs for Latin Modern
)<<oms.cmap>>
LaTeX Font Info:    Trying to load font information for OMX+lmex on input line 126.
 (c:/texlive/2025/texmf-dist/tex/latex/lm/omxlmex.fd
File: omxlmex.fd 2015/05/01 v1.6.1 Font defs for Latin Modern
)
LaTeX Font Info:    External font `lmex10' loaded for size
(Font)              <12> on input line 126.
<<omx.cmap>>
LaTeX Font Info:    External font `lmex10' loaded for size
(Font)              <8> on input line 126.
LaTeX Font Info:    External font `lmex10' loaded for size
(Font)              <6> on input line 126.



pdfTeX warning (ext4): destination with the same identifier (name{page.1}) has been already used, duplicate ignored
<to be read again> 
                   \relax 
l.126 
       [1



]

[2


]

[3


]

[4

]
No file template.lof.


[5

]
No file template.lot.


[6

]
No file template.toc.


[7

]
\openout2 = `capitulos/introducao.aux'.

 (./capitulos/introducao.tex

LaTeX Warning: Citation `quarterman' on page 8 undefined on input line 2.


LaTeX Warning: Citation `onu' on page 8 undefined on input line 2.


LaTeX Warning: Citation `loja_de_tudo' on page 8 undefined on input line 4.

LaTeX Font Info:    External font `lmex10' loaded for size
(Font)              <10> on input line 4.
LaTeX Font Info:    External font `lmex10' loaded for size
(Font)              <7> on input line 4.
LaTeX Font Info:    External font `lmex10' loaded for size
(Font)              <5> on input line 4.

LaTeX Warning: Citation `manual_usuario' on page 8 undefined on input line 4.


LaTeX Warning: Citation `manual_usuario' on page 8 undefined on input line 6.


LaTeX Warning: Citation `dot.con' on page 8 undefined on input line 8.


LaTeX Warning: Citation `loja_de_tudo' on page 8 undefined on input line 10.


LaTeX Warning: Citation `manual_usuario' on page 8 undefined on input line 10.


LaTeX Warning: Citation `ml_report' on page 8 undefined on input line 12.


LaTeX Warning: Citation `ml_report' on page 8 undefined on input line 12.



[8



]

LaTeX Warning: Citation `qna_survey' on page 9 undefined on input line 14.


LaTeX Warning: Citation `ebit' on page 9 undefined on input line 16.


LaTeX Warning: Citation `ai_in_ecommerce' on page 9 undefined on input line 16.


LaTeX Warning: Citation `df' on page 9 undefined on input line 18.


LaTeX Warning: Citation `df' on page 9 undefined on input line 18.


LaTeX Warning: Citation `kg' on page 9 undefined on input line 20.


LaTeX Warning: Citation `kg' on page 9 undefined on input line 20.



Package babel Info: 'brazil' activates 'portuges' shorthands.
(babel)             Reported  on input line 21.
[9]
LaTeX Font Info:    Trying to load font information for TS1+lmr on input line 34.
 (c:/texlive/2025/texmf-dist/tex/latex/lm/ts1lmr.fd
File: ts1lmr.fd 2015/05/01 v1.6.1 Font defs for Latin Modern
)

[10{c:/texlive/2025/texmf-dist/fonts/enc/dvips/lm/lm-ts1.enc}]

LaTeX Warning: Reference `cap-revisao-bibliografica' on page 11 undefined on input line 43.


LaTeX Warning: Reference `cap-desenvolvimento' on page 11 undefined on input line 44.


LaTeX Warning: Reference `cap-resultados' on page 11 undefined on input line 45.


LaTeX Warning: Reference `cap-conclusao' on page 11 undefined on input line 46.

)

[11]
\openout2 = `capitulos/revisao_bibliografica.aux'.

 (./capitulos/revisao_bibliografica.tex

LaTeX Warning: Reference `demanda' on page 12 undefined on input line 6.


LaTeX Warning: Reference `mercado' on page 12 undefined on input line 8.


LaTeX Warning: Reference `classificação' on page 12 undefined on input line 10.


LaTeX Warning: Reference `etapas_classificação' on page 12 undefined on input line 12.


LaTeX Warning: Reference `relacionados' on page 12 undefined on input line 14.


LaTeX Warning: Citation `febraban2024' on page 12 undefined on input line 18.


LaTeX Warning: Citation `febraban2024' on page 12 undefined on input line 20.



[12




]

LaTeX Warning: Citation `datasenado' on page 13 undefined on input line 22.



[13]

LaTeX Warning: Citation `facetec_2025' on page 14 undefined on input line 36.


LaTeX Warning: Citation `facetec_2025' on page 14 undefined on input line 38.


LaTeX Warning: Citation `facetec_2025' on page 14 undefined on input line 40.


LaTeX Warning: Citation `nist_nvlap' on page 14 undefined on input line 42.


LaTeX Warning: Citation `facetec_2025' on page 14 undefined on input line 44.



[14]

LaTeX Warning: Citation `exato_digital_doccheck' on page 15 undefined on input line 46.


LaTeX Warning: Citation `iproov_2025' on page 15 undefined on input line 50.


LaTeX Warning: Citation `iproov_2025' on page 15 undefined on input line 52.


LaTeX Warning: Citation `iproov_threat_2025' on page 15 undefined on input line 54.


LaTeX Warning: Citation `iproov_2025' on page 15 undefined on input line 58.



[15]

LaTeX Warning: Citation `aws_ai_cards_2023' on page 16 undefined on input line 66.

<figuras/aws_liveness.jpg, id=121, 423.4365pt x 193.158pt>
File: figuras/aws_liveness.jpg Graphic file (type jpg)
<use figuras/aws_liveness.jpg>
Package pdftex.def Info: figuras/aws_liveness.jpg  used on input line 70.
(pdftex.def)             Requested size: 455.24408pt x 207.67912pt.

LaTeX Warning: Citation `aws_blog_2023' on page 16 undefined on input line 75.


LaTeX Warning: Citation `aws_rekognition_2023' on page 16 undefined on input line 77.



[16 <./figuras/aws_liveness.jpg>]

LaTeX Warning: Citation `survey' on page 17 undefined on input line 81.


LaTeX Warning: Citation `info-retrieval' on page 17 undefined on input line 83.


LaTeX Warning: Citation `info-filtering' on page 17 undefined on input line 83.


LaTeX Warning: Citation `sentiment-analysis' on page 17 undefined on input line 83.


LaTeX Warning: Citation `recommender-systems' on page 17 undefined on input line 83.


LaTeX Warning: Citation `survey2' on page 17 undefined on input line 83.


LaTeX Warning: Reference `dificuldades da classificação de perguntas quanto ao atributo' on page 17 undefined on input line 85.



[17{c:/texlive/2025/texmf-dist/fonts/enc/dvips/lm/lm-mathsy.enc}{c:/texlive/2025/texmf-dist/fonts/enc/dvips/lm/lm-rm.enc}{c:/texlive/2025/texmf-dist/fonts/enc/dvips/lm/lm-mathit.enc}]

LaTeX Warning: Citation `zhou2018manipulation' on page 18 undefined on input line 97.


LaTeX Warning: Citation `zhou2018manipulation' on page 18 undefined on input line 97.


LaTeX Warning: Citation `zhou2018manipulation' on page 18 undefined on input line 97.



[18]

LaTeX Warning: Citation `wu2023rethinking' on page 19 undefined on input line 99.


LaTeX Warning: Citation `wu2023rethinking' on page 19 undefined on input line 99.


LaTeX Warning: Citation `wu2023rethinking' on page 19 undefined on input line 99.


LaTeX Warning: Citation `zhou2018manipulation' on page 19 undefined on input line 103.


LaTeX Warning: Citation `wu2023rethinking' on page 19 undefined on input line 103.


LaTeX Warning: Citation `wu2023rethinking' on page 19 undefined on input line 103.



[19]

LaTeX Warning: Citation `filho_etal_texturas' on page 20 undefined on input line 109.


LaTeX Warning: Citation `filho_etal_texturas' on page 20 undefined on input line 109.


LaTeX Warning: Citation `filho_etal_texturas' on page 20 undefined on input line 114.


LaTeX Warning: Citation `filho_etal_texturas' on page 20 undefined on input line 119.


LaTeX Warning: Citation `zhou2018manipulation' on page 20 undefined on input line 121.


LaTeX Warning: Citation `zhou2018manipulation' on page 20 undefined on input line 121.


LaTeX Warning: Citation `zhou2018manipulation' on page 20 undefined on input line 121.



[20{c:/texlive/2025/texmf-dist/fonts/enc/dvips/lm/lm-mathex.enc}]

LaTeX Warning: Citation `aliexpress' on page 21 undefined on input line 130.


LaTeX Warning: Reference `fig:ex_model' on page 21 undefined on input line 132.


LaTeX Warning: Reference `fig:ex_brand' on page 21 undefined on input line 132.


LaTeX Warning: Reference `fig:ex_model' on page 21 undefined on input line 148.


LaTeX Warning: Reference `fig:ex_brand' on page 21 undefined on input line 148.


LaTeX Warning: Citation `kg' on page 21 undefined on input line 148.



[21]

LaTeX Warning: Reference `pré-processamento dos dados' on page 22 undefined on input line 154.


LaTeX Warning: Citation `aliexpress' on page 22 undefined on input line 163.



[22]

LaTeX Warning: Citation `practical_nlp' on page 23 undefined on input line 169.


LaTeX Warning: Citation `practical_nlp' on page 23 undefined on input line 171.


LaTeX Warning: Citation `web_scaping' on page 23 undefined on input line 175.



[23]

LaTeX Warning: Reference `coleta de dados' on page 24 undefined on input line 182.


LaTeX Warning: Citation `survey' on page 24 undefined on input line 182.


LaTeX Warning: Citation `effects_of_corpus_size' on page 24 undefined on input line 184.


LaTeX Warning: Citation `data_science_handbook' on page 24 undefined on input line 186.


LaTeX Warning: Citation `80_20' on page 24 undefined on input line 186.


LaTeX Warning: Citation `data_science_handbook' on page 24 undefined on input line 188.



[24]

LaTeX Warning: Citation `practical_nlp' on page 25 undefined on input line 192.


LaTeX Warning: Citation `transformers_book' on page 25 undefined on input line 194.


LaTeX Warning: Citation `practical_nlp' on page 25 undefined on input line 197.


LaTeX Warning: Citation `practical_nlp' on page 25 undefined on input line 198.


LaTeX Warning: Citation `etaiwi2017impact' on page 25 undefined on input line 198.


LaTeX Warning: Citation `etaiwi2017impact' on page 25 undefined on input line 199.


LaTeX Warning: Citation `practical_nlp' on page 25 undefined on input line 200.


LaTeX Warning: Citation `etaiwi2017impact' on page 25 undefined on input line 200.


LaTeX Warning: Citation `practical_nlp' on page 25 undefined on input line 201.



[25]

LaTeX Warning: Citation `practical_nlp' on page 26 undefined on input line 206.


LaTeX Warning: Reference `bag of words e tf-idf' on page 26 undefined on input line 206.


LaTeX Warning: Reference `tokenizadores' on page 26 undefined on input line 206.


LaTeX Warning: Citation `bag-of-wordsPaper' on page 26 undefined on input line 210.


LaTeX Warning: Citation `tf-idfPaper' on page 26 undefined on input line 210.


LaTeX Warning: Citation `bag_of_words' on page 26 undefined on input line 212.


LaTeX Warning: Reference `table:representação de documentos' on page 26 undefined on input line 235.


LaTeX Warning: Citation `bag_of_words' on page 26 undefined on input line 235.



[26]

LaTeX Warning: Citation `tf-idf' on page 27 undefined on input line 237.


LaTeX Warning: Reference `eq_tfidf' on page 27 undefined on input line 237.


LaTeX Warning: Citation `tf-idf' on page 27 undefined on input line 237.


LaTeX Warning: Citation `transformers_book' on page 27 undefined on input line 247.


LaTeX Warning: Reference `modelos ou algoritmos classificadores de texto' on page 27 undefined on input line 249.


LaTeX Warning: Citation `wordpiece1' on page 27 undefined on input line 249.


LaTeX Warning: Citation `wordpiece2' on page 27 undefined on input line 249.


LaTeX Warning: Citation `hf_transformers_paper' on page 27 undefined on input line 249.


LaTeX Warning: Reference `fig:input_ids' on page 27 undefined on input line 249.

<figuras/input_ids.png, id=208, 1192.455pt x 178.6675pt>
File: figuras/input_ids.png Graphic file (type png)
<use figuras/input_ids.png>
Package pdftex.def Info: figuras/input_ids.png  used on input line 253.
(pdftex.def)             Requested size: 398.33858pt x 59.6829pt.

LaTeX Warning: Citation `transformers_book' on page 27 undefined on input line 254.


LaTeX Warning: Citation `transformers_book' on page 27 undefined on input line 254.


LaTeX Warning: Reference `fig:tokens' on page 27 undefined on input line 258.


LaTeX Warning: Reference `pre-processamento dos dados' on page 27 undefined on input line 258.


LaTeX Warning: Citation `transformers_book' on page 27 undefined on input line 258.



[27]
<figuras/tokens.png, id=218, 921.4425pt x 135.50626pt>
File: figuras/tokens.png Graphic file (type png)
<use figuras/tokens.png>
Package pdftex.def Info: figuras/tokens.png  used on input line 262.
(pdftex.def)             Requested size: 398.33858pt x 58.57875pt.


LaTeX Warning: Citation `transformers_book' on page 28 undefined on input line 263.


LaTeX Warning: Citation `transformers_book' on page 28 undefined on input line 263.


LaTeX Warning: Citation `survey' on page 28 undefined on input line 269.


LaTeX Warning: Citation `survey2' on page 28 undefined on input line 269.


LaTeX Warning: Citation `rocchio' on page 28 undefined on input line 269.


LaTeX Warning: Citation `boosting' on page 28 undefined on input line 269.


LaTeX Warning: Citation `bagging' on page 28 undefined on input line 269.


LaTeX Warning: Citation `logistic_regression' on page 28 undefined on input line 269.


LaTeX Warning: Citation `naive_bayes' on page 28 undefined on input line 269.


LaTeX Warning: Citation `k_nearest' on page 28 undefined on input line 269.


LaTeX Warning: Citation `svm' on page 28 undefined on input line 269.


LaTeX Warning: Citation `decision_tree' on page 28 undefined on input line 269.


LaTeX Warning: Citation `random_forests' on page 28 undefined on input line 269.


LaTeX Warning: Citation `survey3' on page 28 undefined on input line 271.


LaTeX Warning: Citation `attention_is_all_you_need' on page 28 undefined on input line 271.


LaTeX Warning: Citation `dan' on page 28 undefined on input line 271.


LaTeX Warning: Citation `mt-lstm' on page 28 undefined on input line 271.


LaTeX Warning: Citation `dcnn' on page 28 undefined on input line 271.


LaTeX Warning: Citation `nse' on page 28 undefined on input line 271.


LaTeX Warning: Citation `attention_is_all_you_need' on page 28 undefined on input line 275.


LaTeX Warning: Citation `bert' on page 28 undefined on input line 275.



[28 <./figuras/input_ids.png> <./figuras/tokens.png>]

LaTeX Warning: Citation `transformers_book' on page 29 undefined on input line 277.


LaTeX Warning: Reference `fig:decoder_attention' on page 29 undefined on input line 279.


LaTeX Warning: Reference `fig:decoder_attention' on page 29 undefined on input line 279.


LaTeX Warning: Reference `eq_softmax' on page 29 undefined on input line 279.


LaTeX Warning: Citation `attention_explained' on page 29 undefined on input line 279.


LaTeX Warning: Citation `attention_paper1' on page 29 undefined on input line 279.


LaTeX Warning: Citation `attention_paper2' on page 29 undefined on input line 279.

<figuras/mecanismo_de_atencao.png, id=229, 398.4486pt x 227.6505pt>
File: figuras/mecanismo_de_atencao.png Graphic file (type png)
<use figuras/mecanismo_de_atencao.png>
Package pdftex.def Info: figuras/mecanismo_de_atencao.png  used on input line 290.
(pdftex.def)             Requested size: 398.33858pt x 227.59087pt.

LaTeX Warning: Citation `attention_explained' on page 29 undefined on input line 291.


LaTeX Warning: Citation `attention_explained' on page 29 undefined on input line 291.


LaTeX Warning: Citation `transformers_book' on page 29 undefined on input line 295.


LaTeX Warning: Reference `tab:attentions' on page 29 undefined on input line 297.



[29]
Underfull \hbox (badness 10000) in paragraph at lines 310--310
[]|\T1/lmr/m/n/12 Auto-
 []


Underfull \hbox (badness 10000) in paragraph at lines 310--310
\T1/lmr/m/n/12 ateno/Transformadores
 []


Underfull \hbox (badness 10000) in paragraph at lines 310--310
\T1/lmr/m/n/12 (Self-
 []


LaTeX Warning: Citation `bert' on page 30 undefined on input line 316.


LaTeX Warning: Citation `bookcorpus_paper' on page 30 undefined on input line 316.


LaTeX Warning: Citation `bert' on page 30 undefined on input line 316.


LaTeX Warning: Reference `fig:ex_mlm' on page 30 undefined on input line 316.


LaTeX Warning: Reference `fig:ex_mlm' on page 30 undefined on input line 316.


LaTeX Warning: Citation `roberta_paper' on page 30 undefined on input line 325.


LaTeX Warning: Citation `transformers_book' on page 30 undefined on input line 325.



[30 <./figuras/mecanismo_de_atencao.png>]

LaTeX Warning: Citation `diet_classifier' on page 31 undefined on input line 328.


LaTeX Warning: Citation `attention_is_all_you_need' on page 31 undefined on input line 328.


LaTeX Warning: Reference `fig:diet_schema' on page 31 undefined on input line 328.


LaTeX Warning: Citation `diet_blog' on page 31 undefined on input line 328.



[31]
<figuras/tarefas_do_DIET.png, id=252, 398.4486pt x 227.6505pt>
File: figuras/tarefas_do_DIET.png Graphic file (type png)
<use figuras/tarefas_do_DIET.png>
Package pdftex.def Info: figuras/tarefas_do_DIET.png  used on input line 332.
(pdftex.def)             Requested size: 398.33858pt x 227.59087pt.


LaTeX Warning: Citation `diet_classifier' on page 32 undefined on input line 337.


LaTeX Warning: Citation `diet_blog' on page 32 undefined on input line 337.


LaTeX Warning: Reference `fig:cm_example' on page 32 undefined on input line 343.


LaTeX Warning: Citation `metrics_survey' on page 32 undefined on input line 343.



[32 <./figuras/tarefas_do_diet.png>]
<figuras/exemplo_filmes.png, id=260, 494.3268pt x 479.6319pt>
File: figuras/exemplo_filmes.png Graphic file (type png)
<use figuras/exemplo_filmes.png>
Package pdftex.def Info: figuras/exemplo_filmes.png  used on input line 347.
(pdftex.def)             Requested size: 398.33858pt x 386.50174pt.


LaTeX Warning: Citation `metrics_survey' on page 33 undefined on input line 352.



[33 <./figuras/exemplo_filmes.png>]

LaTeX Warning: Citation `metrics_survey' on page 34 undefined on input line 355.


LaTeX Warning: Citation `metrics_survey' on page 34 undefined on input line 366.


LaTeX Warning: Citation `metrics_survey' on page 34 undefined on input line 367.


LaTeX Warning: Reference `eq_precision' on page 34 undefined on input line 367.


LaTeX Warning: Reference `eq_precision' on page 34 undefined on input line 371.


LaTeX Warning: Citation `sk' on page 34 undefined on input line 371.


LaTeX Warning: Citation `metrics_survey' on page 34 undefined on input line 372.


LaTeX Warning: Reference `eq_recall' on page 34 undefined on input line 372.



[34]

LaTeX Warning: Reference `eq_recall' on page 35 undefined on input line 376.


LaTeX Warning: Citation `sk' on page 35 undefined on input line 376.


LaTeX Warning: Citation `metrics_survey' on page 35 undefined on input line 377.


LaTeX Warning: Reference `eq_f1' on page 35 undefined on input line 377.


LaTeX Warning: Reference `eq_f1' on page 35 undefined on input line 381.


LaTeX Warning: Citation `sk' on page 35 undefined on input line 381.


LaTeX Warning: Citation `survey' on page 35 undefined on input line 386.


LaTeX Warning: Citation `relacionado_pt' on page 35 undefined on input line 388.


LaTeX Warning: Citation `word2vec' on page 35 undefined on input line 388.



[35]

LaTeX Warning: Citation `relacionado_tur' on page 36 undefined on input line 390.


LaTeX Warning: Citation `glove' on page 36 undefined on input line 390.


LaTeX Warning: Citation `relacionado_ing' on page 36 undefined on input line 393.



[36]

LaTeX Warning: Citation `relacionado_chi' on page 37 undefined on input line 395.



[37]

LaTeX Warning: Reference `cap-desenvolvimento' on page 38 undefined on input line 400.

)

[38]
\openout2 = `capitulos/desenvolvimento.aux'.

 (./capitulos/desenvolvimento.tex

LaTeX Warning: Reference `definicao_classes' on page 39 undefined on input line 5.


LaTeX Warning: Reference `coleta_dados' on page 39 undefined on input line 7.


LaTeX Warning: Reference `criacao_base_dados_rotulada' on page 39 undefined on input line 9.


LaTeX Warning: Reference `pre_processamento_dados' on page 39 undefined on input line 11.


LaTeX Warning: Reference `algoritmos_classificacao' on page 39 undefined on input line 13.


LaTeX Warning: Reference `algoritmos_classificacao' on page 39 undefined on input line 13.


LaTeX Warning: Reference `medidas_metodo_avaliacao_classificadores' on page 39 undefined on input line 15.


LaTeX Warning: Reference `medidas_metodo_avaliacao_classificadores' on page 39 undefined on input line 15.


LaTeX Warning: Reference `fig:etapas_desenvolvimento' on page 39 undefined on input line 19.

<figuras/metodologia_de_desenvolvimento2.pdf, id=299, 133.45859pt x 373.395pt>
File: figuras/metodologia_de_desenvolvimento2.pdf Graphic file (type pdf)
<use figuras/metodologia_de_desenvolvimento2.pdf>
Package pdftex.def Info: figuras/metodologia_de_desenvolvimento2.pdf  used on input line 23.
(pdftex.def)             Requested size: 113.75pt x 318.26466pt.


[39




]

LaTeX Warning: Reference `fig:comando_category_tree' on page 40 undefined on input line 30.

\pydata@fh@0=\write7
\openout7 = `_66F6181BCB4CFF4CD38FBC804A036DB6.data.minted'.

runsystem(latexminted config  --timestamp 20250529210921 66F6181BCB4CFF4CD38FBC804A036DB6)...executed safely (allowed).


./capitulos/desenvolvimento.tex:37: Package minted Error: minted v3+ executable is not installed, is not added to PATH, or is not permitted with restricted shell escape; or MiKTeX is being used with -aux-directory or -output-directory without setting a TEXMF_OUTPUT_DIRECTORY environment variable.

See the minted package documentation for explanation.
Type  H <return>  for immediate help.
 ...                                              
                                                  
l.37     \end{minted}
                     
This error message was generated by an \errmessage
command, so I can't give any explicit help.
Pretend that you're Hercule Poirot: Examine all clues,
and deduce the truth by order and method.

(./_minted/default.style.minted)

./capitulos/desenvolvimento.tex:37: Package minted Error: Cannot highlight code (minted executable is unavailable or disabled); attempting to typeset without highlighting.

See the minted package documentation for explanation.
Type  H <return>  for immediate help.
 ...                                              
                                                  
l.37     \end{minted}
                     
(That was another \errmessage.)

LaTeX Font Info:    Trying to load font information for T1+lmtt on input line 37.
(c:/texlive/2025/texmf-dist/tex/latex/lm/t1lmtt.fd
File: t1lmtt.fd 2015/05/01 v1.6.1 Font defs for Latin Modern
)

[40 <./figuras/metodologia_de_desenvolvimento2.pdf>]

LaTeX Warning: Reference `table:categorias escolhidas' on page 41 undefined on input line 44.


LaTeX Warning: Reference `fig:comando_category_tree' on page 41 undefined on input line 71.


LaTeX Warning: Reference `table:categorias escolhidas' on page 41 undefined on input line 71.


LaTeX Warning: Reference `fig:comando_category_attributes' on page 41 undefined on input line 73.


./capitulos/desenvolvimento.tex:80: Package minted Error: Cannot highlight code (minted executable is unavailable or disabled); attempting to typeset without highlighting.

See the minted package documentation for explanation.
Type  H <return>  for immediate help.
 ...                                              
                                                  
l.80     \end{minted}
                     
(That was another \errmessage.)


LaTeX Warning: Reference `fig:top10_attributes' on page 41 undefined on input line 85.


LaTeX Warning: Reference `fig:top10_attributes' on page 41 undefined on input line 107.



[41]

LaTeX Warning: Reference `table:atributos escolhidos' on page 42 undefined on input line 116.



[42]

LaTeX Warning: Citation `lgpd' on page 43 undefined on input line 168.



[43]

LaTeX Warning: Reference `algoritmo_1' on page 44 undefined on input line 194.



[44]

[45]

LaTeX Warning: Reference `fig:aglutinacao_classes' on page 46 undefined on input line 246.

<figuras/aglutinacao_de_classes_pt.png, id=405, 825.0825pt x 805.0075pt>
File: figuras/aglutinacao_de_classes_pt.png Graphic file (type png)
<use figuras/aglutinacao_de_classes_pt.png>
Package pdftex.def Info: figuras/aglutinacao_de_classes_pt.png  used on input line 250.
(pdftex.def)             Requested size: 398.33858pt x 388.64708pt.

LaTeX Warning: Reference `prepro_diet_classifier' on page 46 undefined on input line 259.



[46 <./figuras/aglutinacao_de_classes_pt.png>]

LaTeX Warning: Reference `pre-processamento dos dados' on page 47 undefined on input line 267.


LaTeX Warning: Reference `fig:br_tokenizer_code' on page 47 undefined on input line 275.


LaTeX Warning: Reference `fig:br_tokenizer_output' on page 47 undefined on input line 275.


LaTeX Warning: Reference `fig:br_tokenizer_code' on page 47 undefined on input line 275.


LaTeX Warning: Reference `fig:br_tokenizer_output' on page 47 undefined on input line 275.


LaTeX Warning: Reference `fig:br_tokenizer_output' on page 47 undefined on input line 275.



[47] (c:/texlive/2025/texmf-dist/tex/latex/listings/lstlang1.sty
File: lstlang1.sty 2024/09/23 1.10c listings language file
)
LaTeX Font Info:    Trying to load font information for TS1+lmtt on input line 293.
 (c:/texlive/2025/texmf-dist/tex/latex/lm/ts1lmtt.fd
File: ts1lmtt.fd 2015/05/01 v1.6.1 Font defs for Latin Modern
)

LaTeX Warning: Reference `fig:br_tokenizer_code' on page 48 undefined on input line 300.


LaTeX Warning: Reference `fig:br_tokenizer_code' on page 48 undefined on input line 300.



[48]

LaTeX Warning: Reference `fig:whitespace_tokenizer' on page 49 undefined on input line 313.


LaTeX Warning: Reference `prepro_bert' on page 49 undefined on input line 317.


LaTeX Warning: Reference `fig:rasa_tokenizers' on page 49 undefined on input line 323.


LaTeX Warning: Reference `fig:rasa_tokenizers' on page 49 undefined on input line 325.


LaTeX Warning: Reference `fig:whitespace_tokenizer' on page 49 undefined on input line 325.


LaTeX Warning: Reference `fig:rasa_tokenizers' on page 49 undefined on input line 327.



[49]
Underfull \hbox (badness 10000) in paragraph at lines 360--362

 []


Underfull \hbox (badness 10000) in paragraph at lines 373--375

 []


LaTeX Warning: Reference `bert_subsubsection' on page 50 undefined on input line 399.



[50]

LaTeX Warning: Citation `bert' on page 51 undefined on input line 405.


LaTeX Warning: Citation `bertimbau' on page 51 undefined on input line 405.


LaTeX Warning: Citation `bertimbau' on page 51 undefined on input line 407.



[51]

LaTeX Warning: Citation `diet_classifier' on page 52 undefined on input line 424.


LaTeX Warning: Citation `diet_classifier' on page 52 undefined on input line 424.



[52]

[53]

LaTeX Warning: Reference `eq_weighted' on page 54 undefined on input line 452.



[54])

[55]
\openout2 = `capitulos/resultados.aux'.

 (./capitulos/resultados.tex

LaTeX Warning: Reference `res:definicao_classes' on page 56 undefined on input line 5.


LaTeX Warning: Reference `res:coleta_dados' on page 56 undefined on input line 7.


LaTeX Warning: Reference `res:criacao_base_dados_rotulada' on page 56 undefined on input line 7.


LaTeX Warning: Reference `res:treinamento_avaliacao_dos_classificadores' on page 56 undefined on input line 9.


LaTeX Warning: Reference `res:comparativo_entre_classes_confundidas' on page 56 undefined on input line 11.


LaTeX Warning: Reference `definicao_classes' on page 56 undefined on input line 15.


LaTeX Warning: Reference `fig:top10_attributes' on page 56 undefined on input line 15.


LaTeX Warning: Reference `fig:atributos_em_numero_de_subcategorias' on page 56 undefined on input line 17.


LaTeX Warning: Reference `fig:atributos_em_numero_de_subcategorias' on page 56 undefined on input line 17.

<figuras/atributos_em_numero_de_subcategorias.png, id=493, 1049.9225pt x 597.23125pt>
File: figuras/atributos_em_numero_de_subcategorias.png Graphic file (type png)
<use figuras/atributos_em_numero_de_subcategorias.png>
Package pdftex.def Info: figuras/atributos_em_numero_de_subcategorias.png  used on input line 21.
(pdftex.def)             Requested size: 364.00139pt x 207.05653pt.


[56




]

LaTeX Warning: Reference `table:coleta de dados' on page 57 undefined on input line 30.


LaTeX Warning: Reference `criacao_base_dados_rotulada' on page 57 undefined on input line 55.



[57 <./figuras/atributos_em_numero_de_subcategorias.png>]

LaTeX Warning: Reference `table:divisão_de_classes' on page 58 undefined on input line 57.


LaTeX Warning: Reference `res:definicao_classes' on page 58 undefined on input line 112.


LaTeX Warning: Reference `fig:número_de_exemplos_40_classes' on page 58 undefined on input line 112.



[58]
<figuras/número_de_exemplos_40_classes.png, id=515, 867.24pt x 433.62pt>
File: figuras/número_de_exemplos_40_classes.png Graphic file (type png)
<use figuras/número_de_exemplos_40_classes.png>
Package pdftex.def Info: figuras/número_de_exemplos_40_classes.png  used on input line 118.
(pdftex.def)             Requested size: 455.0pt x 227.50172pt.


LaTeX Warning: Reference `table:nova_divisão_de_classes' on page 59 undefined on input line 123.


LaTeX Warning: Reference `fig:aglutinacao_classes' on page 59 undefined on input line 123.


LaTeX Warning: Reference `table:nova_divisão_de_classes' on page 59 undefined on input line 168.


LaTeX Warning: Reference `fig:número_de_exemplos_28_classes' on page 59 undefined on input line 168.



[59 <./figuras/número_de_exemplos_40_classes.png>]
<figuras/número_de_exemplos_28_classes.png, id=523, 860.013pt x 426.393pt>
File: figuras/número_de_exemplos_28_classes.png Graphic file (type png)
<use figuras/número_de_exemplos_28_classes.png>
Package pdftex.def Info: figuras/número_de_exemplos_28_classes.png  used on input line 172.
(pdftex.def)             Requested size: 455.0pt x 225.59033pt.


LaTeX Warning: Reference `fig:número_de_exemplos_28_classes' on page 60 undefined on input line 177.


LaTeX Warning: Reference `table:divisão_de_classes_com_validação' on page 60 undefined on input line 185.


LaTeX Warning: Reference `table:nova_divisão_de_classes_com_validação' on page 60 undefined on input line 185.



[60 <./figuras/número_de_exemplos_28_classes.png>]

[61]

LaTeX Warning: Reference `tab:metricas_maximas_40classes' on page 62 undefined on input line 352.


LaTeX Warning: Reference `tab:metricas_gerais_40classes' on page 62 undefined on input line 352.


LaTeX Warning: Reference `tab:metricas_maximas_40classes' on page 62 undefined on input line 352.


LaTeX Warning: Reference `tab:metricas_gerais_40classes' on page 62 undefined on input line 352.


LaTeX Warning: Reference `des_treinamento_hf' on page 62 undefined on input line 352.


LaTeX Warning: Reference `des_treinamento_rasa' on page 62 undefined on input line 352.


LaTeX Warning: Reference `ap:matrizes_de_confusao' on page 62 undefined on input line 352.


LaTeX Warning: Reference `tab:metricas_maximas_40classes' on page 62 undefined on input line 354.



[62]

LaTeX Warning: Reference `tab:metricas_gerais_40classes' on page 63 undefined on input line 383.


LaTeX Warning: Reference `tab:melhores_classes_revocação_40_classes' on page 63 undefined on input line 407.


LaTeX Warning: Reference `tab:piores_classes_revocação_40_classes' on page 63 undefined on input line 433.



[63]

LaTeX Warning: Reference `tab:metricas_maximas_28classes' on page 64 undefined on input line 458.


LaTeX Warning: Reference `tab:metricas_gerais_28classes' on page 64 undefined on input line 458.


LaTeX Warning: Reference `criacao_base_dados_rotulada' on page 64 undefined on input line 458.


LaTeX Warning: Reference `ap:matrizes_de_confusao' on page 64 undefined on input line 458.


LaTeX Warning: Reference `tab:metricas_maximas_28classes' on page 64 undefined on input line 460.


LaTeX Warning: Reference `tab:metricas_gerais_28classes' on page 64 undefined on input line 479.


LaTeX Warning: Reference `tab:melhores_classes_revocação_28_classes' on page 64 undefined on input line 497.



[64]

LaTeX Warning: Reference `tab:piores_classes_revocação_28_classes' on page 65 undefined on input line 524.


LaTeX Warning: Reference `tab:piores_classes_revocação_40_classes' on page 65 undefined on input line 524.


LaTeX Warning: Reference `tab:metricas_gerais_28classes' on page 65 undefined on input line 528.


LaTeX Warning: Reference `fig:compatible_brands' on page 65 undefined on input line 553.


LaTeX Warning: Reference `fig:compatible_models' on page 65 undefined on input line 553.



[65]
<figuras/compatible_brands.png, id=565, 1049.9225pt x 597.23125pt>
File: figuras/compatible_brands.png Graphic file (type png)
<use figuras/compatible_brands.png>
Package pdftex.def Info: figuras/compatible_brands.png  used on input line 561.
(pdftex.def)             Requested size: 455.0pt x 258.8184pt.
<figuras/compatible_models.png, id=566, 1049.9225pt x 597.23125pt>
File: figuras/compatible_models.png Graphic file (type png)
<use figuras/compatible_models.png>
Package pdftex.def Info: figuras/compatible_models.png  used on input line 568.
(pdftex.def)             Requested size: 455.0pt x 258.8184pt.


[66]

[67 <./figuras/compatible_brands.png> <./figuras/compatible_models.png>])

[68

]
\openout2 = `capitulos/conclusao.aux'.

 (./capitulos/conclusao.tex

[69




]

[70])

[71] (./template.bbl)

Package hyperref Warning: Token not allowed in a PDF string (Unicode):
(hyperref)                removing `\uppercase' on input line 343.



[72




]
\openout2 = `capitulos/apendice.aux'.

 (./capitulos/apendice.tex
<figuras/HF1.png, id=609, 1234.1307pt x 1187.1552pt>
File: figuras/HF1.png Graphic file (type png)
<use figuras/HF1.png>
Package pdftex.def Info: figuras/HF1.png  used on input line 6.
(pdftex.def)             Requested size: 455.0pt x 437.66458pt.
<figuras/HF2.png, id=610, 1228.59pt x 1176.3147pt>
File: figuras/HF2.png Graphic file (type png)
<use figuras/HF2.png>
Package pdftex.def Info: figuras/HF2.png  used on input line 13.
(pdftex.def)             Requested size: 455.0pt x 435.64246pt.
<figuras/RASA1.png, id=611, 1201.8501pt x 1297.2465pt>
File: figuras/RASA1.png Graphic file (type png)
<use figuras/RASA1.png>
Package pdftex.def Info: figuras/RASA1.png  used on input line 20.
(pdftex.def)             Requested size: 455.0pt x 491.09813pt.
<figuras/RASA2.png, id=612, 1201.8501pt x 1297.2465pt>
File: figuras/RASA2.png Graphic file (type png)
<use figuras/RASA2.png>
Package pdftex.def Info: figuras/RASA2.png  used on input line 27.
(pdftex.def)             Requested size: 455.0pt x 491.09813pt.
<figuras/RASA3.png, id=613, 1201.8501pt x 1297.2465pt>
File: figuras/RASA3.png Graphic file (type png)
<use figuras/RASA3.png>
Package pdftex.def Info: figuras/RASA3.png  used on input line 34.
(pdftex.def)             Requested size: 455.0pt x 491.09813pt.
<figuras/HF2-28_classes.png, id=614, 1197.9957pt x 1174.3875pt>
File: figuras/HF2-28_classes.png Graphic file (type png)
<use figuras/HF2-28_classes.png>
Package pdftex.def Info: figuras/HF2-28_classes.png  used on input line 41.
(pdftex.def)             Requested size: 455.0pt x 446.03894pt.
<figuras/RASA3-28_classes.png, id=615, 1201.8501pt x 1297.2465pt>
File: figuras/RASA3-28_classes.png Graphic file (type png)
<use figuras/RASA3-28_classes.png>
Package pdftex.def Info: figuras/RASA3-28_classes.png  used on input line 48.
(pdftex.def)             Requested size: 455.0pt x 491.09813pt.
)

[73


 <./figuras/HF1.png>]

[74 <./figuras/HF2.png>]

[75 <./figuras/RASA1.png>]

[76 <./figuras/RASA2.png>]

[77 <./figuras/RASA3.png>]

[78 <./figuras/HF2-28_classes.png>]

[79 <./figuras/RASA3-28_classes.png>]
No file template.ind.
\tf@lof=\write8
\openout8 = `template.lof'.

\tf@lot=\write9
\openout9 = `template.lot'.

\tf@toc=\write10
\openout10 = `template.toc'.


enddocument/afterlastpage (AED): lastpage setting LastPage.
(./template.aux (./capitulos/introducao.aux) (./capitulos/revisao_bibliografica.aux) (./capitulos/desenvolvimento.aux) (./capitulos/resultados.aux) (./capitulos/conclusao.aux) (./capitulos/apendice.aux))
 ***********
LaTeX2e <2024-11-01> patch level 2
L3 programming layer <2020/03/25>
 ***********


LaTeX Warning: There were undefined references.


LaTeX Warning: Label(s) may have changed. Rerun to get cross-references right.


Package lastpage Warning: Rerun to get the references right on input line 359.

 ) 
Here is how much of TeX's memory you used:
 27277 strings out of 469590
 497150 string characters out of 5474519
 1336851 words of memory out of 5000000
 53370 multiletter control sequences out of 15000+600000
 722817 words of font info for 88 fonts, out of 8000000 for 9000
 1141 hyphenation exceptions out of 8191
 113i,15n,121p,2444b,1498s stack positions out of 10000i,1000n,20000p,200000b,200000s
<c:/texlive/2025/texmf-dist/fonts/type1/public/lm/lmbx10.pfb><c:/texlive/2025/texmf-dist/fonts/type1/public/lm/lmbx12.pfb><c:/texlive/2025/texmf-dist/fonts/type1/public/lm/lmbx8.pfb><c:/texlive/2025/texmf-dist/fonts/type1/public/lm/lmbxi10.pfb><c:/texlive/2025/texmf-dist/fonts/type1/public/lm/lmex10.pfb><c:/texlive/2025/texmf-dist/fonts/type1/public/lm/lmmi12.pfb><c:/texlive/2025/texmf-dist/fonts/type1/public/lm/lmmi6.pfb><c:/texlive/2025/texmf-dist/fonts/type1/public/lm/lmmi8.pfb><c:/texlive/2025/texmf-dist/fonts/type1/public/lm/lmr10.pfb><c:/texlive/2025/texmf-dist/fonts/type1/public/lm/lmr12.pfb><c:/texlive/2025/texmf-dist/fonts/type1/public/lm/lmr7.pfb><c:/texlive/2025/texmf-dist/fonts/type1/public/lm/lmr8.pfb><c:/texlive/2025/texmf-dist/fonts/type1/public/lm/lmr9.pfb><c:/texlive/2025/texmf-dist/fonts/type1/public/lm/lmri10.pfb><c:/texlive/2025/texmf-dist/fonts/type1/public/lm/lmri12.pfb><c:/texlive/2025/texmf-dist/fonts/type1/public/lm/lmss12.pfb><c:/texlive/2025/texmf-dist/fonts/type1/public/lm/lmss17.pfb><c:/texlive/2025/texmf-dist/fonts/type1/public/lm/lmssbx10.pfb><c:/texlive/2025/texmf-dist/fonts/type1/public/lm/lmsy10.pfb><c:/texlive/2025/texmf-dist/fonts/type1/public/lm/lmsy8.pfb><c:/texlive/2025/texmf-dist/fonts/type1/public/lm/lmtt12.pfb>
Output written on template.pdf (80 pages, 4441377 bytes).
PDF statistics:
 1007 PDF objects out of 1200 (max. 8388607)
 847 compressed objects within 9 object streams
 276 named destinations out of 1000 (max. 500000)
 657 words of extra memory for PDF output out of 10000 (max. 10000000)

